This is pdfTeX, Version 3.141592653-2.6-1.40.26 (MiKTeX 24.4) (preloaded format=pdflatex 2024.9.17)  18 MAR 2026 00:56
entering extended mode
 restricted \write18 enabled.
 file:line:error style messages enabled.
 %&-line parsing enabled.
**c:/Users/81616/OneDrive/桌面/paoqi/rule.tex
(c:/Users/81616/OneDrive/桌面/paoqi/rule.tex
LaTeX2e <2024-06-01> patch level 2
L3 programming layer <2024-08-30>
(C:\CTEX\MiKTeX\tex/latex/ctex\ctexart.cls (C:\CTEX\MiKTeX\tex/latex/ctex/config\ctexbackend.cfg
File: ctexbackend.cfg 2022/07/14 v2.5.10 Backend configuration file (CTEX)
) (C:\CTEX\MiKTeX\tex/latex/l3kernel\expl3.sty
Package: expl3 2024-08-30 L3 programming layer (loader) 
 (C:\CTEX\MiKTeX\tex/latex/l3backend\l3backend-pdftex.def
File: l3backend-pdftex.def 2024-05-08 L3 backend support: PDF output (pdfTeX)
\l__color_backend_stack_int=\count194
\l__pdf_internal_box=\box52
))
Document Class: ctexart 2022/07/14 v2.5.10 Chinese adapter for class article (CTEX)
(C:\CTEX\MiKTeX\tex/latex/ctex\ctexhook.sty
Package: ctexhook 2022/07/14 v2.5.10 Document and package hooks (CTEX)
) (C:\CTEX\MiKTeX\tex/latex/ctex\ctexpatch.sty
Package: ctexpatch 2022/07/14 v2.5.10 Patching commands (CTEX)
) (C:\CTEX\MiKTeX\tex/latex/base\fix-cm.sty
Package: fix-cm 2020/11/24 v1.1t fixes to LaTeX
 (C:\CTEX\MiKTeX\tex/latex/base\ts1enc.def
File: ts1enc.def 2001/06/05 v3.0e (jk/car/fm) Standard LaTeX file
LaTeX Font Info:    Redeclaring font encoding TS1 on input line 47.
))
\l__ctex_tmp_int=\count195
\l__ctex_tmp_box=\box53
\l__ctex_tmp_dim=\dimen141
\g__ctex_section_depth_int=\count196
\g__ctex_font_size_int=\count197
 (C:\CTEX\CTeX\tex/latex/ctex/cfg\ctexopts.cfg)

Class ctexart Warning: UTF8 will be used as the default encoding.

(C:\CTEX\MiKTeX\tex/latex/base\article.cls
Document Class: article 2024/02/08 v1.4n Standard LaTeX document class
(C:\CTEX\MiKTeX\tex/latex/base\size12.clo
File: size12.clo 2024/02/08 v1.4n Standard LaTeX file (size option)
)
\c@part=\count198
\c@section=\count199
\c@subsection=\count266
\c@subsubsection=\count267
\c@paragraph=\count268
\c@subparagraph=\count269
\c@figure=\count270
\c@table=\count271
\abovecaptionskip=\skip49
\belowcaptionskip=\skip50
\bibindent=\dimen142
) (C:\CTEX\MiKTeX\tex/latex/ctex/engine\ctex-engine-pdftex.def
File: ctex-engine-pdftex.def 2022/07/14 v2.5.10 (pdf)LaTeX adapter (CTEX)
 (C:\CTEX\MiKTeX\tex/latex/cjk\CJKutf8.sty
Package: CJKutf8 2021/10/16 4.8.5
 (C:\CTEX\MiKTeX\tex/generic/iftex\ifpdf.sty
Package: ifpdf 2019/10/25 v3.4 ifpdf legacy package. Use iftex instead.
 (C:\CTEX\MiKTeX\tex/generic/iftex\iftex.sty
Package: iftex 2022/02/03 v1.0f TeX engine tests
)) (C:\CTEX\MiKTeX\tex/latex/base\inputenc.sty
Package: inputenc 2024/02/08 v1.3d Input encoding file
\inpenc@prehook=\toks17
\inpenc@posthook=\toks18
) (C:\CTEX\MiKTeX\tex/latex/cjk\CJK.sty
Package: CJK 2021/10/16 4.8.5
 (C:\CTEX\MiKTeX\tex/latex/cjk/mule\MULEenc.sty
Package: MULEenc 2021/10/16 4.8.5
) (C:\CTEX\MiKTeX\tex/latex/cjk\CJK.enc
File: CJK.enc 2021/10/16 4.8.5
Now handling font encoding C00 ...
... no UTF-8 mapping file for font encoding C00
Now handling font encoding C05 ...
... no UTF-8 mapping file for font encoding C05
Now handling font encoding C09 ...
... no UTF-8 mapping file for font encoding C09
Now handling font encoding C10 ...
... no UTF-8 mapping file for font encoding C10
Now handling font encoding C20 ...
... no UTF-8 mapping file for font encoding C20
Now handling font encoding C19 ...
... no UTF-8 mapping file for font encoding C19
Now handling font encoding C40 ...
... no UTF-8 mapping file for font encoding C40
Now handling font encoding C42 ...
... no UTF-8 mapping file for font encoding C42
Now handling font encoding C43 ...
... no UTF-8 mapping file for font encoding C43
Now handling font encoding C50 ...
... no UTF-8 mapping file for font encoding C50
Now handling font encoding C52 ...
... no UTF-8 mapping file for font encoding C52
Now handling font encoding C49 ...
... no UTF-8 mapping file for font encoding C49
Now handling font encoding C60 ...
... no UTF-8 mapping file for font encoding C60
Now handling font encoding C61 ...
... no UTF-8 mapping file for font encoding C61
Now handling font encoding C63 ...
... no UTF-8 mapping file for font encoding C63
Now handling font encoding C64 ...
... no UTF-8 mapping file for font encoding C64
Now handling font encoding C65 ...
... no UTF-8 mapping file for font encoding C65
Now handling font encoding C70 ...
... no UTF-8 mapping file for font encoding C70
Now handling font encoding C31 ...
... no UTF-8 mapping file for font encoding C31
Now handling font encoding C32 ...
... no UTF-8 mapping file for font encoding C32
Now handling font encoding C33 ...
... no UTF-8 mapping file for font encoding C33
Now handling font encoding C34 ...
... no UTF-8 mapping file for font encoding C34
Now handling font encoding C35 ...
... no UTF-8 mapping file for font encoding C35
Now handling font encoding C36 ...
... no UTF-8 mapping file for font encoding C36
Now handling font encoding C37 ...
... no UTF-8 mapping file for font encoding C37
Now handling font encoding C80 ...
... no UTF-8 mapping file for font encoding C80
Now handling font encoding C81 ...
... no UTF-8 mapping file for font encoding C81
Now handling font encoding C01 ...
... no UTF-8 mapping file for font encoding C01
Now handling font encoding C11 ...
... no UTF-8 mapping file for font encoding C11
Now handling font encoding C21 ...
... no UTF-8 mapping file for font encoding C21
Now handling font encoding C41 ...
... no UTF-8 mapping file for font encoding C41
Now handling font encoding C62 ...
... no UTF-8 mapping file for font encoding C62
)
\CJK@indent=\box54
) (C:\CTEX\MiKTeX\tex/latex/base\fontenc.sty
Package: fontenc 2021/04/29 v2.0v Standard LaTeX package
)) (C:\CTEX\MiKTeX\tex/latex/cjkpunct\CJKpunct.sty
Package: CJKpunct 2016/05/14 4.8.4
\CJKpunct@cnta=\count272
\CJKpunct@cntb=\count273
\CJKpunct@cntc=\count274
\CJKpunct@cntd=\count275
\CJKpunct@cnte=\count276
   defining Unicode char U+2018 (decimal 8216)
   defining Unicode char U+2019 (decimal 8217)
   defining Unicode char U+201C (decimal 8220)
   defining Unicode char U+201D (decimal 8221)
   defining Unicode char U+2014 (decimal 8212)
   defining Unicode char U+2026 (decimal 8230)
 (C:\CTEX\MiKTeX\tex/latex/cjkpunct\CJKpunct.spa)) (C:\CTEX\MiKTeX\tex/latex/cjk\CJKspace.sty
Package: CJKspace 2021/10/16 3.8.0
) (C:\CTEX\MiKTeX\tex/latex/cjk/UTF8\UTF8.bdg
File: UTF8.bdg 2021/10/16 4.8.5
) (C:\CTEX\MiKTeX\tex/latex/ctex\ctexspa.def
File: ctexspa.def 2022/07/14 v2.5.10 Space info for CJKpunct (CTEX)
)
\ccwd=\dimen143
\l__ctex_ccglue_skip=\skip51
)
\l__ctex_ziju_dim=\dimen144
 (C:\CTEX\MiKTeX\tex/latex/zhnumber\zhnumber.sty
Package: zhnumber 2022/07/14 v3.0 Typesetting numbers with Chinese glyphs
\l__zhnum_scale_int=\count277
\l__zhnum_tmp_int=\count278
 (C:\CTEX\MiKTeX\tex/latex/zhnumber\zhnumber-utf8.cfg
File: zhnumber-utf8.cfg 2022/07/14 v3.0 Chinese numerals with UTF8 encoding
))
\l__ctex_heading_skip=\skip52
 (C:\CTEX\MiKTeX\tex/latex/ctex/scheme\ctex-scheme-chinese-article.def
File: ctex-scheme-chinese-article.def 2022/07/14 v2.5.10 Chinese scheme for article (CTEX)
 (C:\CTEX\MiKTeX\tex/latex/ctex/config\ctex-name-utf8.cfg
File: ctex-name-utf8.cfg 2022/07/14 v2.5.10 Caption with encoding UTF-8 (CTEX)
)) (C:\CTEX\MiKTeX\tex/latex/ctex/fontset\ctex-fontset-windows.def
File: ctex-fontset-windows.def 2022/07/14 v2.5.10 Windows fonts definition (CTEX)
)) (C:\CTEX\MiKTeX\tex/latex/ctex/config\ctex.cfg
File: ctex.cfg 2022/07/14 v2.5.10 Configuration file (CTEX)
) (C:\CTEX\MiKTeX\tex/latex/amsmath\amsmath.sty
Package: amsmath 2024/05/23 v2.17q AMS math features
\@mathmargin=\skip53

For additional information on amsmath, use the `?' option.
(C:\CTEX\MiKTeX\tex/latex/amsmath\amstext.sty
Package: amstext 2021/08/26 v2.01 AMS text
 (C:\CTEX\MiKTeX\tex/latex/amsmath\amsgen.sty
File: amsgen.sty 1999/11/30 v2.0 generic functions
\@emptytoks=\toks19
\ex@=\dimen145
)) (C:\CTEX\MiKTeX\tex/latex/amsmath\amsbsy.sty
Package: amsbsy 1999/11/29 v1.2d Bold Symbols
\pmbraise@=\dimen146
) (C:\CTEX\MiKTeX\tex/latex/amsmath\amsopn.sty
Package: amsopn 2022/04/08 v2.04 operator names
)
\inf@bad=\count279
LaTeX Info: Redefining \frac on input line 233.
\uproot@=\count280
\leftroot@=\count281
LaTeX Info: Redefining \overline on input line 398.
LaTeX Info: Redefining \colon on input line 409.
\classnum@=\count282
\DOTSCASE@=\count283
LaTeX Info: Redefining \ldots on input line 495.
LaTeX Info: Redefining \dots on input line 498.
LaTeX Info: Redefining \cdots on input line 619.
\Mathstrutbox@=\box55
\strutbox@=\box56
LaTeX Info: Redefining \big on input line 721.
LaTeX Info: Redefining \Big on input line 722.
LaTeX Info: Redefining \bigg on input line 723.
LaTeX Info: Redefining \Bigg on input line 724.
\big@size=\dimen147
LaTeX Font Info:    Redeclaring font encoding OML on input line 742.
LaTeX Font Info:    Redeclaring font encoding OMS on input line 743.
\macc@depth=\count284
LaTeX Info: Redefining \bmod on input line 904.
LaTeX Info: Redefining \pmod on input line 909.
LaTeX Info: Redefining \smash on input line 939.
LaTeX Info: Redefining \relbar on input line 969.
LaTeX Info: Redefining \Relbar on input line 970.
\c@MaxMatrixCols=\count285
\dotsspace@=\muskip17
\c@parentequation=\count286
\dspbrk@lvl=\count287
\tag@help=\toks20
\row@=\count288
\column@=\count289
\maxfields@=\count290
\andhelp@=\toks21
\eqnshift@=\dimen148
\alignsep@=\dimen149
\tagshift@=\dimen150
\tagwidth@=\dimen151
\totwidth@=\dimen152
\lineht@=\dimen153
\@envbody=\toks22
\multlinegap=\skip54
\multlinetaggap=\skip55
\mathdisplay@stack=\toks23
LaTeX Info: Redefining \[ on input line 2953.
LaTeX Info: Redefining \] on input line 2954.
) (C:\CTEX\MiKTeX\tex/latex/amsfonts\amssymb.sty
Package: amssymb 2013/01/14 v3.01 AMS font symbols
 (C:\CTEX\MiKTeX\tex/latex/amsfonts\amsfonts.sty
Package: amsfonts 2013/01/14 v3.01 Basic AMSFonts support
\symAMSa=\mathgroup4
\symAMSb=\mathgroup5
LaTeX Font Info:    Redeclaring math symbol \hbar on input line 98.
LaTeX Font Info:    Overwriting math alphabet `\mathfrak' in version `bold'
(Font)                  U/euf/m/n --> U/euf/b/n on input line 106.
)) (C:\CTEX\MiKTeX\tex/latex/geometry\geometry.sty
Package: geometry 2020/01/02 v5.9 Page Geometry
 (C:\CTEX\MiKTeX\tex/latex/graphics\keyval.sty
Package: keyval 2022/05/29 v1.15 key=value parser (DPC)
\KV@toks@=\toks24
) (C:\CTEX\MiKTeX\tex/generic/iftex\ifvtex.sty
Package: ifvtex 2019/10/25 v1.7 ifvtex legacy package. Use iftex instead.
)
\Gm@cnth=\count291
\Gm@cntv=\count292
\c@Gm@tempcnt=\count293
\Gm@bindingoffset=\dimen154
\Gm@wd@mp=\dimen155
\Gm@odd@mp=\dimen156
\Gm@even@mp=\dimen157
\Gm@layoutwidth=\dimen158
\Gm@layoutheight=\dimen159
\Gm@layouthoffset=\dimen160
\Gm@layoutvoffset=\dimen161
\Gm@dimlist=\toks25
 (C:\CTEX\MiKTeX\tex/latex/geometry\geometry.cfg)) (C:\CTEX\MiKTeX\tex/latex/setspace\setspace.sty
Package: setspace 2022/12/04 v6.7b set line spacing
) (C:\CTEX\MiKTeX\tex/latex/cjk/UTF8\UTF8.enc
File: UTF8.enc 2021/10/16 4.8.5
) (C:\CTEX\MiKTeX\tex/latex/cjk/UTF8\UTF8.chr
File: UTF8.chr 2021/10/16 4.8.5
) (rule.aux)
\openout1 = `rule.aux'.

LaTeX Font Info:    Checking defaults for OML/cmm/m/it on input line 13.
LaTeX Font Info:    ... okay on input line 13.
LaTeX Font Info:    Checking defaults for OMS/cmsy/m/n on input line 13.
LaTeX Font Info:    ... okay on input line 13.
LaTeX Font Info:    Checking defaults for OT1/cmr/m/n on input line 13.
LaTeX Font Info:    ... okay on input line 13.
LaTeX Font Info:    Checking defaults for T1/cmr/m/n on input line 13.
LaTeX Font Info:    ... okay on input line 13.
LaTeX Font Info:    Checking defaults for TS1/cmr/m/n on input line 13.
LaTeX Font Info:    ... okay on input line 13.
LaTeX Font Info:    Checking defaults for OMX/cmex/m/n on input line 13.
LaTeX Font Info:    ... okay on input line 13.
LaTeX Font Info:    Checking defaults for U/cmr/m/n on input line 13.
LaTeX Font Info:    ... okay on input line 13.
LaTeX Font Info:    Checking defaults for C00/song/m/n on input line 13.
LaTeX Font Info:    ... okay on input line 13.
LaTeX Font Info:    Checking defaults for C05/song/m/n on input line 13.
LaTeX Font Info:    ... okay on input line 13.
LaTeX Font Info:    Checking defaults for C09/song/m/n on input line 13.
LaTeX Font Info:    ... okay on input line 13.
LaTeX Font Info:    Checking defaults for C10/song/m/n on input line 13.
LaTeX Font Info:    ... okay on input line 13.
LaTeX Font Info:    Checking defaults for C20/song/m/n on input line 13.
LaTeX Font Info:    ... okay on input line 13.
LaTeX Font Info:    Checking defaults for C19/song/m/n on input line 13.
LaTeX Font Info:    ... okay on input line 13.
LaTeX Font Info:    Checking defaults for C40/song/m/n on input line 13.
LaTeX Font Info:    ... okay on input line 13.
LaTeX Font Info:    Checking defaults for C42/song/m/n on input line 13.
LaTeX Font Info:    ... okay on input line 13.
LaTeX Font Info:    Checking defaults for C43/song/m/n on input line 13.
LaTeX Font Info:    ... okay on input line 13.
LaTeX Font Info:    Checking defaults for C50/song/m/n on input line 13.
LaTeX Font Info:    ... okay on input line 13.
LaTeX Font Info:    Checking defaults for C52/song/m/n on input line 13.
LaTeX Font Info:    ... okay on input line 13.
LaTeX Font Info:    Checking defaults for C49/song/m/n on input line 13.
LaTeX Font Info:    ... okay on input line 13.
LaTeX Font Info:    Checking defaults for C60/mj/m/n on input line 13.
LaTeX Font Info:    ... okay on input line 13.
LaTeX Font Info:    Checking defaults for C61/mj/m/n on input line 13.
LaTeX Font Info:    ... okay on input line 13.
LaTeX Font Info:    Checking defaults for C63/mj/m/n on input line 13.
LaTeX Font Info:    ... okay on input line 13.
LaTeX Font Info:    Checking defaults for C64/mj/m/n on input line 13.
LaTeX Font Info:    ... okay on input line 13.
LaTeX Font Info:    Checking defaults for C65/mj/m/n on input line 13.
LaTeX Font Info:    ... okay on input line 13.
LaTeX Font Info:    Checking defaults for C70/song/m/n on input line 13.
LaTeX Font Info:    ... okay on input line 13.
LaTeX Font Info:    Checking defaults for C31/song/m/n on input line 13.
LaTeX Font Info:    ... okay on input line 13.
LaTeX Font Info:    Checking defaults for C32/song/m/n on input line 13.
LaTeX Font Info:    ... okay on input line 13.
LaTeX Font Info:    Checking defaults for C33/song/m/n on input line 13.
LaTeX Font Info:    ... okay on input line 13.
LaTeX Font Info:    Checking defaults for C34/song/m/n on input line 13.
LaTeX Font Info:    ... okay on input line 13.
LaTeX Font Info:    Checking defaults for C35/song/m/n on input line 13.
LaTeX Font Info:    ... okay on input line 13.
LaTeX Font Info:    Checking defaults for C36/song/m/n on input line 13.
LaTeX Font Info:    ... okay on input line 13.
LaTeX Font Info:    Checking defaults for C37/song/m/n on input line 13.
LaTeX Font Info:    ... okay on input line 13.
LaTeX Font Info:    Checking defaults for C80/song/m/n on input line 13.
LaTeX Font Info:    ... okay on input line 13.
LaTeX Font Info:    Checking defaults for C81/song/m/n on input line 13.
LaTeX Font Info:    ... okay on input line 13.
LaTeX Font Info:    Checking defaults for C01/song/m/n on input line 13.
LaTeX Font Info:    ... okay on input line 13.
LaTeX Font Info:    Checking defaults for C11/song/m/n on input line 13.
LaTeX Font Info:    ... okay on input line 13.
LaTeX Font Info:    Checking defaults for C21/song/m/n on input line 13.
LaTeX Font Info:    ... okay on input line 13.
LaTeX Font Info:    Checking defaults for C41/song/m/n on input line 13.
LaTeX Font Info:    ... okay on input line 13.
LaTeX Font Info:    Checking defaults for C62/song/m/n on input line 13.
LaTeX Font Info:    ... okay on input line 13.

*geometry* driver: auto-detecting
*geometry* detected driver: pdftex
*geometry* verbose mode - [ preamble ] result:
* driver: pdftex
* paper: a4paper
* layout: <same size as paper>
* layoutoffset:(h,v)=(0.0pt,0.0pt)
* modes: 
* h-part:(L,W,R)=(71.13188pt, 455.24411pt, 71.13188pt)
* v-part:(T,H,B)=(71.13188pt, 702.78308pt, 71.13188pt)
* \paperwidth=597.50787pt
* \paperheight=845.04684pt
* \textwidth=455.24411pt
* \textheight=702.78308pt
* \oddsidemargin=-1.1381pt
* \evensidemargin=-1.1381pt
* \topmargin=-38.1381pt
* \headheight=12.0pt
* \headsep=25.0pt
* \topskip=12.0pt
* \footskip=30.0pt
* \marginparwidth=44.0pt
* \marginparsep=10.0pt
* \columnsep=10.0pt
* \skip\footins=10.8pt plus 4.0pt minus 2.0pt
* \hoffset=0.0pt
* \voffset=0.0pt
* \mag=1000
* \@twocolumnfalse
* \@twosidefalse
* \@mparswitchfalse
* \@reversemarginfalse
* (1in=72.27pt=25.4mm, 1cm=28.453pt)

LaTeX Font Info:    Trying to load font information for C70+rm on input line 15.
(C:\CTEX\MiKTeX\tex/latex/ctex/fd\c70rm.fd
File: c70rm.fd 2022/07/14 v2.5.10 Chinese font definition (CTEX)
)
LaTeX Font Info:    Trying to load font information for U+msa on input line 15.
 (C:\CTEX\MiKTeX\tex/latex/amsfonts\umsa.fd
File: umsa.fd 2013/01/14 v3.01 AMS symbols A
)
LaTeX Font Info:    Trying to load font information for U+msb on input line 15.
 (C:\CTEX\MiKTeX\tex/latex/amsfonts\umsb.fd
File: umsb.fd 2013/01/14 v3.01 AMS symbols B
) (rule.toc
Package CJKpunct Info: use punctuation spaces for family 'rm' with punctstyle (quanjiao) on input line 5.


(C:\CTEX\MiKTeX\tex/generic/ctex/zhmap\ctex-zhmap-windows.tex
File: ctex-zhmap-windows.tex 2022/07/14 v2.5.10 Windows font map loader for pdfTeX and DVIPDFMx (CTEX)
{C:/CTEX/UserData/fonts/map/pdftex/pdftex.map{Unicode.sfd}{UGBK.sfd}}) [1

])
\tf@toc=\write3
\openout3 = `rule.toc'.



[2]

[3]

[4]

[5]

[6]
Missing character: There is no ^^R in font unisong22!
Missing character: There is no ^^R in font unisong22!
Missing character: There is no ^^R in font unisong22!


[7]

[8]

[9]

[10] (rule.aux)
 ***********
LaTeX2e <2024-06-01> patch level 2
L3 programming layer <2022/07/14>
 ***********
 ) 
Here is how much of TeX's memory you used:
 7774 strings out of 473899
 143700 string characters out of 5740633
 521420 words of memory out of 5000000
 30182 multiletter control sequences out of 15000+600000
 637383 words of font info for 306 fonts, out of 8000000 for 9000
 1141 hyphenation exceptions out of 8191
 80i,6n,88p,738b,348s stack positions out of 10000i,1000n,20000p,200000b,200000s
<C:/Users/81616/AppData/Local/Microsoft/Windows/Fonts/simsun.ttc><C:/Users/81616/AppData/Local/Microsoft/Windows/Fonts/simsun.ttc><C:/Users/81616/AppData/Local/Microsoft/Windows/Fonts/simsun.ttc><C:/Users/81616/AppData/Local/Microsoft/Windows/Fonts/simsun.ttc><C:/Users/81616/AppData/Local/Microsoft/Windows/Fonts/simsun.ttc><C:/Users/81616/AppData/Local/Microsoft/Windows/Fonts/simsun.ttc><C:/Users/81616/AppData/Local/Microsoft/Windows/Fonts/simsun.ttc><C:/Users/81616/AppData/Local/Microsoft/Windows/Fonts/simsun.ttc><C:/Users/81616/AppData/Local/Microsoft/Windows/Fonts/simsun.ttc><C:/Users/81616/AppData/Local/Microsoft/Windows/Fonts/simsun.ttc><C:/Users/81616/AppData/Local/Microsoft/Windows/Fonts/simsun.ttc><C:/Users/81616/AppData/Local/Microsoft/Windows/Fonts/simsun.ttc><C:/Users/81616/AppData/Local/Microsoft/Windows/Fonts/simsun.ttc><C:/Users/81616/AppData/Local/Microsoft/Windows/Fonts/simsun.ttc><C:/Users/81616/AppData/Local/Microsoft/Windows/Fonts/simhei.ttf><C:/Users/81616/AppData/Local/Microsoft/Windows/Fonts/simhei.ttf><C:/Users/81616/AppData/Local/Microsoft/Windows/Fonts/simhei.ttf><C:/Users/81616/AppData/Local/Microsoft/Windows/Fonts/simhei.ttf><C:/Users/81616/AppData/Local/Microsoft/Windows/Fonts/simsun.ttc><C:/Users/81616/AppData/Local/Microsoft/Windows/Fonts/simsun.ttc><C:/Users/81616/AppData/Local/Microsoft/Windows/Fonts/simsun.ttc><C:/Users/81616/AppData/Local/Microsoft/Windows/Fonts/simsun.ttc><C:/Users/81616/AppData/Local/Microsoft/Windows/Fonts/simhei.ttf><C:/Users/81616/AppData/Local/Microsoft/Windows/Fonts/simhei.ttf><C:/Users/81616/AppData/Local/Microsoft/Windows/Fonts/simsun.ttc><C:/Users/81616/AppData/Local/Microsoft/Windows/Fonts/simsun.ttc><C:/Users/81616/AppData/Local/Microsoft/Windows/Fonts/simsun.ttc><C:/Users/81616/AppData/Local/Microsoft/Windows/Fonts/simsun.ttc><C:/Users/81616/AppData/Local/Microsoft/Windows/Fonts/simsun.ttc> <C:\CTEX\UserData\fonts/pk/ljfour/jknappen/ec/dpi600\tcrm1200.pk><C:/Users/81616/AppData/Local/Microsoft/Windows/Fonts/simsun.ttc><C:/Users/81616/AppData/Local/Microsoft/Windows/Fonts/simsun.ttc><C:/Users/81616/AppData/Local/Microsoft/Windows/Fonts/simhei.ttf><C:/Users/81616/AppData/Local/Microsoft/Windows/Fonts/simhei.ttf><C:/Users/81616/AppData/Local/Microsoft/Windows/Fonts/simsun.ttc><C:/Users/81616/AppData/Local/Microsoft/Windows/Fonts/simsun.ttc><C:/Users/81616/AppData/Local/Microsoft/Windows/Fonts/simsun.ttc><C:/Users/81616/AppData/Local/Microsoft/Windows/Fonts/simsun.ttc><C:/Users/81616/AppData/Local/Microsoft/Windows/Fonts/simsun.ttc><C:/Users/81616/AppData/Local/Microsoft/Windows/Fonts/simsun.ttc><C:/Users/81616/AppData/Local/Microsoft/Windows/Fonts/simsun.ttc><C:/Users/81616/AppData/Local/Microsoft/Windows/Fonts/simsun.ttc><C:/Users/81616/AppData/Local/Microsoft/Windows/Fonts/simsun.ttc><C:/Users/81616/AppData/Local/Microsoft/Windows/Fonts/simsun.ttc><C:/Users/81616/AppData/Local/Microsoft/Windows/Fonts/simsun.ttc><C:/Users/81616/AppData/Local/Microsoft/Windows/Fonts/simsun.ttc><C:/Users/81616/AppData/Local/Microsoft/Windows/Fonts/simsun.ttc><C:/Users/81616/AppData/Local/Microsoft/Windows/Fonts/simsun.ttc><C:/Users/81616/AppData/Local/Microsoft/Windows/Fonts/simsun.ttc><C:/Users/81616/AppData/Local/Microsoft/Windows/Fonts/simsun.ttc><C:/Users/81616/AppData/Local/Microsoft/Windows/Fonts/simsun.ttc><C:/Users/81616/AppData/Local/Microsoft/Windows/Fonts/simsun.ttc><C:/Users/81616/AppData/Local/Microsoft/Windows/Fonts/simsun.ttc><C:/Users/81616/AppData/Local/Microsoft/Windows/Fonts/simsun.ttc><C:/Users/81616/AppData/Local/Microsoft/Windows/Fonts/simsun.ttc><C:/Users/81616/AppData/Local/Microsoft/Windows/Fonts/simsun.ttc><C:/Users/81616/AppData/Local/Microsoft/Windows/Fonts/simsun.ttc><C:/Users/81616/AppData/Local/Microsoft/Windows/Fonts/simsun.ttc><C:/Users/81616/AppData/Local/Microsoft/Windows/Fonts/simsun.ttc><C:/Users/81616/AppData/Local/Microsoft/Windows/Fonts/simsun.ttc><C:/Users/81616/AppData/Local/Microsoft/Windows/Fonts/simsun.ttc><C:/Users/81616/AppData/Local/Microsoft/Windows/Fonts/simsun.ttc><C:/Users/81616/AppData/Local/Microsoft/Windows/Fonts/simsun.ttc><C:/Users/81616/AppData/Local/Microsoft/Windows/Fonts/simsun.ttc><C:/Users/81616/AppData/Local/Microsoft/Windows/Fonts/simsun.ttc><C:/Users/81616/AppData/Local/Microsoft/Windows/Fonts/simsun.ttc><C:/Users/81616/AppData/Local/Microsoft/Windows/Fonts/simsun.ttc><C:/Users/81616/AppData/Local/Microsoft/Windows/Fonts/simsun.ttc><C:/Users/81616/AppData/Local/Microsoft/Windows/Fonts/simhei.ttf><C:/Users/81616/AppData/Local/Microsoft/Windows/Fonts/simhei.ttf><C:/Users/81616/AppData/Local/Microsoft/Windows/Fonts/simhei.ttf><C:/Users/81616/AppData/Local/Microsoft/Windows/Fonts/simhei.ttf><C:/Users/81616/AppData/Local/Microsoft/Windows/Fonts/simhei.ttf><C:/Users/81616/AppData/Local/Microsoft/Windows/Fonts/simhei.ttf><C:/Users/81616/AppData/Local/Microsoft/Windows/Fonts/simhei.ttf><C:/Users/81616/AppData/Local/Microsoft/Windows/Fonts/simhei.ttf><C:/Users/81616/AppData/Local/Microsoft/Windows/Fonts/simhei.ttf><C:/Users/81616/AppData/Local/Microsoft/Windows/Fonts/simhei.ttf><C:/Users/81616/AppData/Local/Microsoft/Windows/Fonts/simhei.ttf><C:/Users/81616/AppData/Local/Microsoft/Windows/Fonts/simsun.ttc><C:/Users/81616/AppData/Local/Microsoft/Windows/Fonts/simsun.ttc><C:/Users/81616/AppData/Local/Microsoft/Windows/Fonts/simsun.ttc><C:/Users/81616/AppData/Local/Microsoft/Windows/Fonts/simsun.ttc><C:/Users/81616/AppData/Local/Microsoft/Windows/Fonts/simsun.ttc><C:/Users/81616/AppData/Local/Microsoft/Windows/Fonts/simhei.ttf><C:/Users/81616/AppData/Local/Microsoft/Windows/Fonts/simhei.ttf><C:/Users/81616/AppData/Local/Microsoft/Windows/Fonts/simsun.ttc><C:/Users/81616/AppData/Local/Microsoft/Windows/Fonts/simsun.ttc><C:/Users/81616/AppData/Local/Microsoft/Windows/Fonts/simsun.ttc><C:/Users/81616/AppData/Local/Microsoft/Windows/Fonts/simsun.ttc><C:/Users/81616/AppData/Local/Microsoft/Windows/Fonts/simhei.ttf><C:/Users/81616/AppData/Local/Microsoft/Windows/Fonts/simhei.ttf><C:/Users/81616/AppData/Local/Microsoft/Windows/Fonts/simhei.ttf><C:/Users/81616/AppData/Local/Microsoft/Windows/Fonts/simsun.ttc><C:/Users/81616/AppData/Local/Microsoft/Windows/Fonts/simsun.ttc><C:/Users/81616/AppData/Local/Microsoft/Windows/Fonts/simsun.ttc><C:/Users/81616/AppData/Local/Microsoft/Windows/Fonts/simsun.ttc><C:/Users/81616/AppData/Local/Microsoft/Windows/Fonts/simsun.ttc><C:/Users/81616/AppData/Local/Microsoft/Windows/Fonts/simhei.ttf><C:/Users/81616/AppData/Local/Microsoft/Windows/Fonts/simhei.ttf><C:/Users/81616/AppData/Local/Microsoft/Windows/Fonts/simsun.ttc><C:/Users/81616/AppData/Local/Microsoft/Windows/Fonts/simsun.ttc><C:/Users/81616/AppData/Local/Microsoft/Windows/Fonts/simsun.ttc><C:/Users/81616/AppData/Local/Microsoft/Windows/Fonts/simsun.ttc><C:/Users/81616/AppData/Local/Microsoft/Windows/Fonts/simsun.ttc><C:/Users/81616/AppData/Local/Microsoft/Windows/Fonts/simsun.ttc><C:/Users/81616/AppData/Local/Microsoft/Windows/Fonts/simsun.ttc><C:/Users/81616/AppData/Local/Microsoft/Windows/Fonts/simhei.ttf><C:/Users/81616/AppData/Local/Microsoft/Windows/Fonts/simhei.ttf><C:/Users/81616/AppData/Local/Microsoft/Windows/Fonts/simhei.ttf><C:/Users/81616/AppData/Local/Microsoft/Windows/Fonts/simhei.ttf><C:/Users/81616/AppData/Local/Microsoft/Windows/Fonts/simhei.ttf><C:/Users/81616/AppData/Local/Microsoft/Windows/Fonts/simsun.ttc><C:/Users/81616/AppData/Local/Microsoft/Windows/Fonts/simsun.ttc><C:/Users/81616/AppData/Local/Microsoft/Windows/Fonts/simsun.ttc><C:/Users/81616/AppData/Local/Microsoft/Windows/Fonts/simsun.ttc><C:/Users/81616/AppData/Local/Microsoft/Windows/Fonts/simsun.ttc><C:/Users/81616/AppData/Local/Microsoft/Windows/Fonts/simhei.ttf><C:/Users/81616/AppData/Local/Microsoft/Windows/Fonts/simhei.ttf><C:/Users/81616/AppData/Local/Microsoft/Windows/Fonts/simhei.ttf><C:/Users/81616/AppData/Local/Microsoft/Windows/Fonts/simhei.ttf><C:/Users/81616/AppData/Local/Microsoft/Windows/Fonts/simhei.ttf><C:/Users/81616/AppData/Local/Microsoft/Windows/Fonts/simsun.ttc><C:/Users/81616/AppData/Local/Microsoft/Windows/Fonts/simsun.ttc><C:/Users/81616/AppData/Local/Microsoft/Windows/Fonts/simsun.ttc><C:/Users/81616/AppData/Local/Microsoft/Windows/Fonts/simsun.ttc><C:/Users/81616/AppData/Local/Microsoft/Windows/Fonts/simsun.ttc><C:/Users/81616/AppData/Local/Microsoft/Windows/Fonts/simsun.ttc><C:/Users/81616/AppData/Local/Microsoft/Windows/Fonts/simhei.ttf><C:/Users/81616/AppData/Local/Microsoft/Windows/Fonts/simhei.ttf><C:/Users/81616/AppData/Local/Microsoft/Windows/Fonts/simhei.ttf><C:/Users/81616/AppData/Local/Microsoft/Windows/Fonts/simhei.ttf><C:/Users/81616/AppData/Local/Microsoft/Windows/Fonts/simsun.ttc><C:/Users/81616/AppData/Local/Microsoft/Windows/Fonts/simsun.ttc><C:/Users/81616/AppData/Local/Microsoft/Windows/Fonts/simsun.ttc><C:/Users/81616/AppData/Local/Microsoft/Windows/Fonts/simsun.ttc><C:/Users/81616/AppData/Local/Microsoft/Windows/Fonts/simsun.ttc><C:/CTEX/MiKTeX/fonts/type1/public/amsfonts/cm/cmbx12.pfb><C:/CTEX/MiKTeX/fonts/type1/public/amsfonts/cm/cmmi12.pfb><C:/CTEX/MiKTeX/fonts/type1/public/amsfonts/cm/cmr12.pfb><C:/CTEX/MiKTeX/fonts/type1/public/amsfonts/cm/cmsl12.pfb><C:/CTEX/MiKTeX/fonts/type1/public/amsfonts/cm/cmsy10.pfb>
Output written on rule.pdf (10 pages, 761101 bytes).
PDF statistics:
 681 PDF objects out of 1000 (max. 8388607)
 0 named destinations out of 1000 (max. 500000)
 289 words of extra memory for PDF output out of 10000 (max. 10000000)

